2020-11-12 17:22:51,628 INFO io.nagarjun.netflixClone [restartedMain] Starting netflixClone on DESKTOP-A8K8UB9 with PID 4012 (C:\Users\nagar\Desktop\java\User-Registration-Login-SpringBoot-master\Netflix Clone using SpringBoot\target\classes started by nagar in C:\Users\nagar\Desktop\java\User-Registration-Login-SpringBoot-master\Netflix Clone using SpringBoot)
2020-11-12 17:22:51,632 DEBUG io.nagarjun.netflixClone [restartedMain] Running with Spring Boot v2.2.6.RELEASE, Spring v5.2.5.RELEASE
2020-11-12 17:22:51,632 INFO io.nagarjun.netflixClone [restartedMain] No active profile set, falling back to default profiles: default
2020-11-12 17:22:53,421 INFO org.apache.catalina.core.StandardService [restartedMain] Starting service [Tomcat]
2020-11-12 17:22:53,424 INFO org.apache.catalina.core.StandardEngine [restartedMain] Starting Servlet engine: [Apache Tomcat/9.0.33]
2020-11-12 17:22:53,708 INFO org.apache.jasper.servlet.TldScanner [restartedMain] At least one JAR was scanned for TLDs yet contained no TLDs. Enable debug logging for this logger for a complete list of JARs that were scanned but no TLDs were found in them. Skipping unneeded JARs during scanning can improve startup time and JSP compilation time.
2020-11-12 17:22:53,717 INFO org.apache.catalina.core.ContainerBase.[Tomcat].[localhost].[/] [restartedMain] Initializing Spring embedded WebApplicationContext
2020-11-12 17:22:53,769 INFO com.zaxxer.hikari.HikariDataSource [restartedMain] HikariPool-1 - Starting...
2020-11-12 17:22:54,013 INFO com.zaxxer.hikari.HikariDataSource [restartedMain] HikariPool-1 - Start completed.
2020-11-12 17:22:54,188 INFO org.hibernate.jpa.internal.util.LogHelper [restartedMain] HHH000204: Processing PersistenceUnitInfo [name: default]
2020-11-12 17:22:54,263 INFO org.hibernate.Version [restartedMain] HHH000412: Hibernate ORM core version 5.4.12.Final
2020-11-12 17:22:54,391 INFO org.hibernate.annotations.common.Version [restartedMain] HCANN000001: Hibernate Commons Annotations {5.1.0.Final}
2020-11-12 17:22:54,508 INFO org.hibernate.dialect.Dialect [restartedMain] HHH000400: Using dialect: org.hibernate.dialect.H2Dialect
2020-11-12 17:22:55,129 INFO org.hibernate.engine.transaction.jta.platform.internal.JtaPlatformInitiator [restartedMain] HHH000490: Using JtaPlatform implementation: [org.hibernate.engine.transaction.jta.platform.internal.NoJtaPlatform]
2020-11-12 17:22:55,761 DEBUG io.nagarjun.WebConfig [restartedMain] INSIDE configureDefaultServletHandling METHOD
2020-11-12 17:22:55,882 DEBUG io.nagarjun.WebConfig [restartedMain] INSIDE CONFIGURE DEFAULT RESOLVERS METHOD
2020-11-12 17:22:56,238 INFO io.nagarjun.netflixClone [restartedMain] Started netflixClone in 5.013 seconds (JVM running for 5.529)
2020-11-12 17:22:56,308 DEBUG io.nagarjun.netflixClone [restartedMain] INSIDE COMMANDLINERUNNER
2020-11-12 17:22:56,312 DEBUG io.nagarjun.netflixClone [restartedMain] INSIDE MAIN
2020-11-12 17:23:06,849 INFO org.apache.catalina.core.ContainerBase.[Tomcat].[localhost].[/] [http-nio-8080-exec-1] Initializing Spring DispatcherServlet 'dispatcherServlet'
2020-11-12 17:23:06,882 DEBUG io.nagarjun.controller.UserController [http-nio-8080-exec-1] INSIDE / MAIN
2020-11-12 17:23:14,501 DEBUG io.nagarjun.controller.UserController [http-nio-8080-exec-2] INSIDE /getRating METHOD
2020-11-12 17:23:18,708 DEBUG io.nagarjun.controller.UserController [http-nio-8080-exec-3] INSIDE /rate METHOD
2020-11-12 17:23:21,488 DEBUG io.nagarjun.controller.UserController [http-nio-8080-exec-4] INSIDE /rateFromCookie METHOD
